[23-Apr-2026 11:15:31 Europe/Berlin] [2026-04-23 11:15:31] login_failed - User: , IP: dovelasco.pbox@parsu.edu.ph, Description: Login attempt failed - Invalid credentials.
[23-Apr-2026 11:21:04 Europe/Berlin] [2026-04-23 11:21:04] user_registered - User: 2, IP: ::1, Description: New user registered - Role: buyer
[23-Apr-2026 11:21:22 Europe/Berlin] [2026-04-23 11:21:22] login_success - User: 2, IP: ::1, Description: User logged in successfully
[23-Apr-2026 11:21:42 Europe/Berlin] [2026-04-23 11:21:42] user_logout - User: 2, IP: ::1, Description: User logged out successfully
[23-Apr-2026 11:21:42 Europe/Berlin] [2026-04-23 11:21:42] PHP Error [8]: session_start(): Ignoring session_start() because a session is already active in C:\xampp\htdocs\ParProOMH\classes\Auth.php:213

[23-Apr-2026 11:21:42 Europe/Berlin] PHP Notice:  session_start(): Ignoring session_start() because a session is already active in C:\xampp\htdocs\ParProOMH\classes\Auth.php on line 213
[23-Apr-2026 11:23:01 Europe/Berlin] [2026-04-23 11:23:01] user_registered - User: 3, IP: ::1, Description: New user registered - Role: seller
[23-Apr-2026 11:23:21 Europe/Berlin] [2026-04-23 11:23:21] login_success - User: 3, IP: ::1, Description: User logged in successfully
[23-Apr-2026 11:26:17 Europe/Berlin] [2026-04-23 11:26:17] product_created - User: 3, IP: ::1, Description: New product created: Samhod
[23-Apr-2026 11:31:07 Europe/Berlin] [2026-04-23 11:31:07] user_logout - User: 3, IP: ::1, Description: User logged out successfully
[23-Apr-2026 11:31:07 Europe/Berlin] [2026-04-23 11:31:07] PHP Error [8]: session_start(): Ignoring session_start() because a session is already active in C:\xampp\htdocs\ParProOMH\classes\Auth.php:213

[23-Apr-2026 11:31:07 Europe/Berlin] PHP Notice:  session_start(): Ignoring session_start() because a session is already active in C:\xampp\htdocs\ParProOMH\classes\Auth.php on line 213
[23-Apr-2026 11:31:32 Europe/Berlin] [2026-04-23 11:31:32] login_success - User: 2, IP: ::1, Description: User logged in successfully
[23-Apr-2026 11:31:37 Europe/Berlin] [2026-04-23 11:31:37] Exception: htmlspecialchars(): Argument #1 ($string) must be of type string, array given
File: C:\xampp\htdocs\ParProOMH\public\buyer\market.php:69
Trace: #0 C:\xampp\htdocs\ParProOMH\public\buyer\market.php(69): htmlspecialchars(Array)
#1 {main}

[23-Apr-2026 11:31:42 Europe/Berlin] [2026-04-23 11:31:42] Exception: htmlspecialchars(): Argument #1 ($string) must be of type string, array given
File: C:\xampp\htdocs\ParProOMH\public\buyer\market.php:69
Trace: #0 C:\xampp\htdocs\ParProOMH\public\buyer\market.php(69): htmlspecialchars(Array)
#1 {main}

[23-Apr-2026 11:33:58 Europe/Berlin] [2026-04-23 11:33:58] user_logout - User: 2, IP: ::1, Description: User logged out successfully
[23-Apr-2026 11:33:58 Europe/Berlin] [2026-04-23 11:33:58] PHP Error [8]: session_start(): Ignoring session_start() because a session is already active in C:\xampp\htdocs\ParProOMH\classes\Auth.php:213

[23-Apr-2026 11:33:58 Europe/Berlin] PHP Notice:  session_start(): Ignoring session_start() because a session is already active in C:\xampp\htdocs\ParProOMH\classes\Auth.php on line 213
[23-Apr-2026 11:34:18 Europe/Berlin] [2026-04-23 11:34:18] login_success - User: 3, IP: ::1, Description: User logged in successfully
[23-Apr-2026 11:34:49 Europe/Berlin] [2026-04-23 11:34:49] user_logout - User: 3, IP: ::1, Description: User logged out successfully
[23-Apr-2026 11:34:49 Europe/Berlin] [2026-04-23 11:34:49] PHP Error [8]: session_start(): Ignoring session_start() because a session is already active in C:\xampp\htdocs\ParProOMH\classes\Auth.php:213

[23-Apr-2026 11:34:49 Europe/Berlin] PHP Notice:  session_start(): Ignoring session_start() because a session is already active in C:\xampp\htdocs\ParProOMH\classes\Auth.php on line 213
[27-Apr-2026 10:07:32 Europe/Berlin] [2026-04-27 10:07:32] login_failed - User: , IP: admin@partido.com, Description: Login attempt failed - Invalid credentials.
[27-Apr-2026 10:09:41 Europe/Berlin] [2026-04-27 10:09:41] login_success - User: 1, IP: ::1, Description: User logged in successfully
[28-Apr-2026 05:36:09 Europe/Berlin] [2026-04-28 05:36:09] login_success - User: 1, IP: ::1, Description: User logged in successfully
[28-Apr-2026 06:32:47 Europe/Berlin] [2026-04-28 06:32:47] PHP Error [2]: session_destroy(): Trying to destroy uninitialized session in C:\xampp\htdocs\ParProOMH\includes\init.php:45

[28-Apr-2026 06:32:47 Europe/Berlin] PHP Warning:  session_destroy(): Trying to destroy uninitialized session in C:\xampp\htdocs\ParProOMH\includes\init.php on line 45
[28-Apr-2026 06:32:59 Europe/Berlin] [2026-04-28 06:32:59] login_success - User: 1, IP: ::1, Description: User logged in successfully
[28-Apr-2026 13:30:41 Asia/Manila] [2026-04-28 13:30:41] user_logout - User: 1, IP: ::1, Description: User logged out successfully
[28-Apr-2026 13:30:41 Asia/Manila] [2026-04-28 13:30:41] PHP Error [8]: session_start(): Ignoring session_start() because a session is already active in C:\xampp\htdocs\ParProOMH\classes\Auth.php:213

[28-Apr-2026 13:30:41 Asia/Manila] PHP Notice:  session_start(): Ignoring session_start() because a session is already active in C:\xampp\htdocs\ParProOMH\classes\Auth.php on line 213
[28-Apr-2026 13:31:17 Asia/Manila] [2026-04-28 13:31:17] user_registered - User: 2, IP: ::1, Description: New user registered - Role: buyer
[28-Apr-2026 13:31:43 Asia/Manila] [2026-04-28 13:31:43] login_success - User: 2, IP: ::1, Description: User logged in successfully
[28-Apr-2026 13:31:56 Asia/Manila] [2026-04-28 13:31:56] user_logout - User: 2, IP: ::1, Description: User logged out successfully
[28-Apr-2026 13:31:56 Asia/Manila] [2026-04-28 13:31:56] PHP Error [8]: session_start(): Ignoring session_start() because a session is already active in C:\xampp\htdocs\ParProOMH\classes\Auth.php:213

[28-Apr-2026 13:31:56 Asia/Manila] PHP Notice:  session_start(): Ignoring session_start() because a session is already active in C:\xampp\htdocs\ParProOMH\classes\Auth.php on line 213
[28-Apr-2026 13:32:21 Asia/Manila] [2026-04-28 13:32:21] user_registered - User: 3, IP: ::1, Description: New user registered - Role: seller
[28-Apr-2026 13:32:32 Asia/Manila] [2026-04-28 13:32:32] login_success - User: 3, IP: ::1, Description: User logged in successfully
[28-Apr-2026 13:47:18 Asia/Manila] [2026-04-28 13:47:18] shop_settings_updated - User: 3, IP: ::1, Description: Shop settings updated
[28-Apr-2026 13:53:53 Asia/Manila] Messenger::getConversations error: SQLSTATE[HY093]: Invalid parameter number
[28-Apr-2026 13:54:30 Asia/Manila] Messenger::getConversations error: SQLSTATE[HY093]: Invalid parameter number
[28-Apr-2026 14:01:35 Asia/Manila] [2026-04-28 14:01:35] file_upload - User: 3, IP: ::1, Description: Product image uploaded (GD not available, no compression)
[28-Apr-2026 14:01:35 Asia/Manila] [2026-04-28 14:01:35] product_created - User: 3, IP: ::1, Description: New product created: Samhod
[28-Apr-2026 14:02:02 Asia/Manila] [2026-04-28 14:02:02] file_upload - User: 3, IP: ::1, Description: Product image uploaded (GD not available, no compression)
[28-Apr-2026 14:02:02 Asia/Manila] [2026-04-28 14:02:02] product_updated - User: 3, IP: ::1, Description: Product updated: Samhod
[28-Apr-2026 14:04:03 Asia/Manila] [2026-04-28 14:04:03] file_upload - User: 3, IP: ::1, Description: Product image uploaded (GD not available, no compression)
[28-Apr-2026 14:04:03 Asia/Manila] [2026-04-28 14:04:03] product_created - User: 3, IP: ::1, Description: New product created: Alang (Maripati)
[28-Apr-2026 14:04:32 Asia/Manila] Messenger::getConversations error: SQLSTATE[HY093]: Invalid parameter number
[28-Apr-2026 14:06:02 Asia/Manila] Messenger::getConversations error: SQLSTATE[HY093]: Invalid parameter number
[28-Apr-2026 14:06:27 Asia/Manila] Messenger::getConversations error: SQLSTATE[HY093]: Invalid parameter number
[28-Apr-2026 14:10:51 Asia/Manila] Messenger::getConversations error: SQLSTATE[HY093]: Invalid parameter number
[28-Apr-2026 14:10:57 Asia/Manila] Messenger::getConversations error: SQLSTATE[HY093]: Invalid parameter number
[28-Apr-2026 14:10:57 Asia/Manila] [2026-04-28 14:10:57] Exception: htmlspecialchars(): Argument #1 ($string) must be of type string, array given
File: C:\xampp\htdocs\ParProOMH\public\messenger\index.php:70
Trace: #0 C:\xampp\htdocs\ParProOMH\public\messenger\index.php(70): htmlspecialchars(Array)
#1 {main}

[28-Apr-2026 14:11:05 Asia/Manila] Messenger::getConversations error: SQLSTATE[HY093]: Invalid parameter number
[28-Apr-2026 14:11:08 Asia/Manila] Messenger::getConversations error: SQLSTATE[HY093]: Invalid parameter number
[28-Apr-2026 14:11:08 Asia/Manila] [2026-04-28 14:11:08] Exception: htmlspecialchars(): Argument #1 ($string) must be of type string, array given
File: C:\xampp\htdocs\ParProOMH\public\messenger\index.php:70
Trace: #0 C:\xampp\htdocs\ParProOMH\public\messenger\index.php(70): htmlspecialchars(Array)
#1 {main}

[28-Apr-2026 14:11:14 Asia/Manila] Messenger::getConversations error: SQLSTATE[HY093]: Invalid parameter number
[28-Apr-2026 14:11:20 Asia/Manila] Messenger::getConversations error: SQLSTATE[HY093]: Invalid parameter number
[28-Apr-2026 14:11:20 Asia/Manila] [2026-04-28 14:11:20] Exception: htmlspecialchars(): Argument #1 ($string) must be of type string, array given
File: C:\xampp\htdocs\ParProOMH\public\messenger\index.php:70
Trace: #0 C:\xampp\htdocs\ParProOMH\public\messenger\index.php(70): htmlspecialchars(Array)
#1 {main}

[28-Apr-2026 14:11:21 Asia/Manila] Messenger::getConversations error: SQLSTATE[HY093]: Invalid parameter number
[28-Apr-2026 14:11:27 Asia/Manila] Messenger::getConversations error: SQLSTATE[HY093]: Invalid parameter number
[28-Apr-2026 14:11:30 Asia/Manila] Messenger::getConversations error: SQLSTATE[HY093]: Invalid parameter number
[28-Apr-2026 14:11:30 Asia/Manila] [2026-04-28 14:11:30] Exception: htmlspecialchars(): Argument #1 ($string) must be of type string, array given
File: C:\xampp\htdocs\ParProOMH\public\messenger\index.php:70
Trace: #0 C:\xampp\htdocs\ParProOMH\public\messenger\index.php(70): htmlspecialchars(Array)
#1 {main}

[28-Apr-2026 14:13:15 Asia/Manila] [2026-04-28 14:13:15] user_logout - User: 3, IP: ::1, Description: User logged out successfully
[28-Apr-2026 14:13:15 Asia/Manila] [2026-04-28 14:13:15] PHP Error [8]: session_start(): Ignoring session_start() because a session is already active in C:\xampp\htdocs\ParProOMH\classes\Auth.php:213

[28-Apr-2026 14:13:15 Asia/Manila] PHP Notice:  session_start(): Ignoring session_start() because a session is already active in C:\xampp\htdocs\ParProOMH\classes\Auth.php on line 213
[28-Apr-2026 14:13:28 Asia/Manila] [2026-04-28 14:13:28] login_success - User: 2, IP: ::1, Description: User logged in successfully
[28-Apr-2026 14:23:39 Asia/Manila] [2026-04-28 14:23:39] Exception: htmlspecialchars(): Argument #1 ($string) must be of type string, array given
File: C:\xampp\htdocs\ParProOMH\public\buyer\market.php:89
Trace: #0 C:\xampp\htdocs\ParProOMH\public\buyer\market.php(89): htmlspecialchars(Array)
#1 {main}

[28-Apr-2026 14:23:42 Asia/Manila] [2026-04-28 14:23:42] Exception: htmlspecialchars(): Argument #1 ($string) must be of type string, array given
File: C:\xampp\htdocs\ParProOMH\public\buyer\market.php:89
Trace: #0 C:\xampp\htdocs\ParProOMH\public\buyer\market.php(89): htmlspecialchars(Array)
#1 {main}

[28-Apr-2026 14:40:23 Asia/Manila] [2026-04-28 14:40:23] Exception: htmlspecialchars(): Argument #1 ($string) must be of type string, array given
File: C:\xampp\htdocs\ParProOMH\public\buyer\market.php:89
Trace: #0 C:\xampp\htdocs\ParProOMH\public\buyer\market.php(89): htmlspecialchars(Array)
#1 {main}

[28-Apr-2026 14:45:42 Asia/Manila] [2026-04-28 14:45:42] user_logout - User: 2, IP: ::1, Description: User logged out successfully
[28-Apr-2026 14:45:42 Asia/Manila] [2026-04-28 14:45:42] PHP Error [8]: session_start(): Ignoring session_start() because a session is already active in C:\xampp\htdocs\ParProOMH\classes\Auth.php:213

[28-Apr-2026 14:45:42 Asia/Manila] PHP Notice:  session_start(): Ignoring session_start() because a session is already active in C:\xampp\htdocs\ParProOMH\classes\Auth.php on line 213
[28-Apr-2026 14:53:47 Asia/Manila] [2026-04-28 14:53:47] login_success - User: 2, IP: ::1, Description: User logged in successfully
[28-Apr-2026 14:59:14 Asia/Manila] [2026-04-28 14:59:14] user_logout - User: 2, IP: ::1, Description: User logged out successfully
[28-Apr-2026 14:59:14 Asia/Manila] [2026-04-28 14:59:14] PHP Error [8]: session_start(): Ignoring session_start() because a session is already active in C:\xampp\htdocs\ParProOMH\classes\Auth.php:213

[28-Apr-2026 14:59:14 Asia/Manila] PHP Notice:  session_start(): Ignoring session_start() because a session is already active in C:\xampp\htdocs\ParProOMH\classes\Auth.php on line 213
[28-Apr-2026 14:59:23 Asia/Manila] [2026-04-28 14:59:23] login_success - User: 3, IP: ::1, Description: User logged in successfully
[28-Apr-2026 15:02:49 Asia/Manila] Messenger::getConversations error: SQLSTATE[HY093]: Invalid parameter number
[28-Apr-2026 15:04:41 Asia/Manila] Messenger::getConversations error: SQLSTATE[HY093]: Invalid parameter number
[28-Apr-2026 15:05:02 Asia/Manila] [2026-04-28 15:05:02] user_logout - User: 3, IP: ::1, Description: User logged out successfully
[28-Apr-2026 15:05:02 Asia/Manila] [2026-04-28 15:05:02] PHP Error [8]: session_start(): Ignoring session_start() because a session is already active in C:\xampp\htdocs\ParProOMH\classes\Auth.php:213

[28-Apr-2026 15:05:02 Asia/Manila] PHP Notice:  session_start(): Ignoring session_start() because a session is already active in C:\xampp\htdocs\ParProOMH\classes\Auth.php on line 213
[28-Apr-2026 15:05:18 Asia/Manila] [2026-04-28 15:05:18] login_success - User: 2, IP: ::1, Description: User logged in successfully
[28-Apr-2026 15:12:15 Asia/Manila] [2026-04-28 15:12:15] Exception: Class "Product" not found
File: C:\xampp\htdocs\ParProOMH\public\buyer\marketplace.php:28
Trace: #0 {main}

[28-Apr-2026 15:12:39 Asia/Manila] Messenger::getConversations error: SQLSTATE[HY093]: Invalid parameter number
[28-Apr-2026 15:13:58 Asia/Manila] [2026-04-28 15:13:58] Exception: htmlspecialchars(): Argument #1 ($string) must be of type string, array given
File: C:\xampp\htdocs\ParProOMH\public\buyer\market.php:89
Trace: #0 C:\xampp\htdocs\ParProOMH\public\buyer\market.php(89): htmlspecialchars(Array)
#1 {main}

[28-Apr-2026 15:25:19 Asia/Manila] [2026-04-28 15:25:19] account_settings_updated - User: 2, IP: ::1, Description: Buyer account settings updated
[28-Apr-2026 15:25:38 Asia/Manila] [2026-04-28 15:25:38] Exception: htmlspecialchars(): Argument #1 ($string) must be of type string, array given
File: C:\xampp\htdocs\ParProOMH\public\buyer\market.php:89
Trace: #0 C:\xampp\htdocs\ParProOMH\public\buyer\market.php(89): htmlspecialchars(Array)
#1 {main}

[28-Apr-2026 15:39:17 Asia/Manila] [2026-04-28 15:39:17] Exception: htmlspecialchars(): Argument #1 ($string) must be of type string, array given
File: C:\xampp\htdocs\ParProOMH\public\buyer\market.php:89
Trace: #0 C:\xampp\htdocs\ParProOMH\public\buyer\market.php(89): htmlspecialchars(Array)
#1 {main}

[28-Apr-2026 15:39:20 Asia/Manila] [2026-04-28 15:39:20] Exception: htmlspecialchars(): Argument #1 ($string) must be of type string, array given
File: C:\xampp\htdocs\ParProOMH\public\buyer\market.php:89
Trace: #0 C:\xampp\htdocs\ParProOMH\public\buyer\market.php(89): htmlspecialchars(Array)
#1 {main}

[28-Apr-2026 15:53:53 Asia/Manila] [2026-04-28 15:53:53] Exception: htmlspecialchars(): Argument #1 ($string) must be of type string, array given
File: C:\xampp\htdocs\ParProOMH\public\buyer\market.php:117
Trace: #0 C:\xampp\htdocs\ParProOMH\public\buyer\market.php(117): htmlspecialchars(Array)
#1 {main}

[28-Apr-2026 15:53:57 Asia/Manila] [2026-04-28 15:53:57] Exception: htmlspecialchars(): Argument #1 ($string) must be of type string, array given
File: C:\xampp\htdocs\ParProOMH\public\buyer\market.php:117
Trace: #0 C:\xampp\htdocs\ParProOMH\public\buyer\market.php(117): htmlspecialchars(Array)
#1 {main}

[28-Apr-2026 16:04:56 Asia/Manila] [2026-04-28 16:04:56] Exception: htmlspecialchars(): Argument #1 ($string) must be of type string, array given
File: C:\xampp\htdocs\ParProOMH\public\buyer\market.php:117
Trace: #0 C:\xampp\htdocs\ParProOMH\public\buyer\market.php(117): htmlspecialchars(Array)
#1 {main}

[28-Apr-2026 16:05:25 Asia/Manila] [2026-04-28 16:05:25] user_logout - User: 2, IP: ::1, Description: User logged out successfully
[28-Apr-2026 16:05:25 Asia/Manila] [2026-04-28 16:05:25] PHP Error [8]: session_start(): Ignoring session_start() because a session is already active in C:\xampp\htdocs\ParProOMH\classes\Auth.php:213

[28-Apr-2026 16:05:25 Asia/Manila] PHP Notice:  session_start(): Ignoring session_start() because a session is already active in C:\xampp\htdocs\ParProOMH\classes\Auth.php on line 213
[28-Apr-2026 16:19:58 Asia/Manila] [2026-04-28 16:19:58] login_success - User: 2, IP: ::1, Description: User logged in successfully
[28-Apr-2026 16:53:59 Asia/Manila] [2026-04-28 16:53:59] PHP Error [2]: session_destroy(): Trying to destroy uninitialized session in C:\xampp\htdocs\ParProOMH\includes\init.php:48

[28-Apr-2026 16:53:59 Asia/Manila] PHP Warning:  session_destroy(): Trying to destroy uninitialized session in C:\xampp\htdocs\ParProOMH\includes\init.php on line 48
[28-Apr-2026 16:54:09 Asia/Manila] [2026-04-28 16:54:09] login_success - User: 2, IP: ::1, Description: User logged in successfully
[28-Apr-2026 16:55:18 Asia/Manila] [2026-04-28 16:55:18] Exception: Class "Product" not found
File: C:\xampp\htdocs\ParProOMH\public\buyer\marketplace.php:28
Trace: #0 {main}

[28-Apr-2026 16:55:29 Asia/Manila] [2026-04-28 16:55:29] Exception: Class "Product" not found
File: C:\xampp\htdocs\ParProOMH\public\buyer\marketplace.php:28
Trace: #0 {main}

[28-Apr-2026 16:55:32 Asia/Manila] [2026-04-28 16:55:32] Exception: Class "Product" not found
File: C:\xampp\htdocs\ParProOMH\public\buyer\marketplace.php:28
Trace: #0 {main}

[28-Apr-2026 17:05:19 Asia/Manila] [2026-04-28 17:05:19] user_logout - User: 2, IP: ::1, Description: User logged out successfully
[28-Apr-2026 17:05:19 Asia/Manila] [2026-04-28 17:05:19] PHP Error [8]: session_start(): Ignoring session_start() because a session is already active in C:\xampp\htdocs\ParProOMH\classes\Auth.php:213

[28-Apr-2026 17:05:19 Asia/Manila] PHP Notice:  session_start(): Ignoring session_start() because a session is already active in C:\xampp\htdocs\ParProOMH\classes\Auth.php on line 213
[28-Apr-2026 17:05:33 Asia/Manila] [2026-04-28 17:05:33] login_success - User: 3, IP: ::1, Description: User logged in successfully
[28-Apr-2026 17:05:39 Asia/Manila] Messenger::getConversations error: SQLSTATE[HY093]: Invalid parameter number
[28-Apr-2026 17:05:44 Asia/Manila] [2026-04-28 17:05:44] user_logout - User: 3, IP: ::1, Description: User logged out successfully
[28-Apr-2026 17:05:44 Asia/Manila] [2026-04-28 17:05:44] PHP Error [8]: session_start(): Ignoring session_start() because a session is already active in C:\xampp\htdocs\ParProOMH\classes\Auth.php:213

[28-Apr-2026 17:05:44 Asia/Manila] PHP Notice:  session_start(): Ignoring session_start() because a session is already active in C:\xampp\htdocs\ParProOMH\classes\Auth.php on line 213
[28-Apr-2026 17:08:59 Asia/Manila] [2026-04-28 17:08:59] login_success - User: 2, IP: ::1, Description: User logged in successfully
[28-Apr-2026 17:09:05 Asia/Manila] [2026-04-28 17:09:05] Exception: Class "Product" not found
File: C:\xampp\htdocs\ParProOMH\public\buyer\marketplace.php:28
Trace: #0 {main}

[29-Apr-2026 09:05:51 Asia/Manila] [2026-04-29 09:05:51] login_success - User: 2, IP: ::1, Description: User logged in successfully
[29-Apr-2026 09:06:27 Asia/Manila] [2026-04-29 09:06:27] login_success - User: 2, IP: ::1, Description: User logged in successfully
[29-Apr-2026 09:09:05 Asia/Manila] Search error: SQLSTATE[HY093]: Invalid parameter number
[29-Apr-2026 09:09:07 Asia/Manila] Search error: SQLSTATE[HY093]: Invalid parameter number
[29-Apr-2026 09:09:11 Asia/Manila] Search error: SQLSTATE[HY093]: Invalid parameter number
[29-Apr-2026 09:12:59 Asia/Manila] Search error: SQLSTATE[HY093]: Invalid parameter number
[29-Apr-2026 09:13:01 Asia/Manila] Search error: SQLSTATE[HY093]: Invalid parameter number
[29-Apr-2026 09:13:15 Asia/Manila] Search error: SQLSTATE[HY093]: Invalid parameter number
[29-Apr-2026 09:13:16 Asia/Manila] Search error: SQLSTATE[HY093]: Invalid parameter number
[29-Apr-2026 09:14:26 Asia/Manila] Messenger::getConversations error: SQLSTATE[HY093]: Invalid parameter number
[29-Apr-2026 09:14:30 Asia/Manila] === COUNT DEBUG START ===
[29-Apr-2026 09:14:30 Asia/Manila] Count keyword: NULL
[29-Apr-2026 09:14:30 Asia/Manila] No keyword count: 2
[29-Apr-2026 09:14:36 Asia/Manila] === SEARCH DEBUG START ===
[29-Apr-2026 09:14:36 Asia/Manila] Keyword: 'Samhod'
[29-Apr-2026 09:14:36 Asia/Manila] Search term: '%Samhod%'
[29-Apr-2026 09:14:36 Asia/Manila] SQL: SELECT p.*, s.shop_name, s.rating, u.full_name as seller_name
                FROM products p
                LEFT JOIN sellers s ON p.seller_id = s.seller_id
                LEFT JOIN users u ON s.user_id = u.user_id
                WHERE (p.product_name LIKE :keyword OR p.product_description LIKE :keyword)
                AND p.status = 'available' 
                AND p.quantity > 0
                ORDER BY p.created_at DESC
                LIMIT :limit OFFSET :offset
[29-Apr-2026 09:14:36 Asia/Manila] SEARCH PDO ERROR: SQLSTATE[HY093]: Invalid parameter number | Query: SELECT p.*, s.shop_name, s.rating, u.full_name as seller_name
                FROM products p
                LEFT JOIN sellers s ON p.seller_id = s.seller_id
                LEFT JOIN users u ON s.user_id = u.user_id
                WHERE (p.product_name LIKE :keyword OR p.product_description LIKE :keyword)
                AND p.status = 'available' 
                AND p.quantity > 0
                ORDER BY p.created_at DESC
                LIMIT :limit OFFSET :offset
[29-Apr-2026 09:14:36 Asia/Manila] === COUNT DEBUG START ===
[29-Apr-2026 09:14:36 Asia/Manila] Count keyword: Samhod
[29-Apr-2026 09:14:36 Asia/Manila] COUNT PDO ERROR: SQLSTATE[HY093]: Invalid parameter number
[29-Apr-2026 09:15:02 Asia/Manila] === SEARCH DEBUG START ===
[29-Apr-2026 09:15:02 Asia/Manila] Keyword: 'Alang'
[29-Apr-2026 09:15:02 Asia/Manila] Search term: '%Alang%'
[29-Apr-2026 09:15:02 Asia/Manila] SQL: SELECT p.*, s.shop_name, s.rating, u.full_name as seller_name
                FROM products p
                LEFT JOIN sellers s ON p.seller_id = s.seller_id
                LEFT JOIN users u ON s.user_id = u.user_id
                WHERE (p.product_name LIKE :keyword OR p.product_description LIKE :keyword)
                AND p.status = 'available' 
                AND p.quantity > 0
                ORDER BY p.created_at DESC
                LIMIT :limit OFFSET :offset
[29-Apr-2026 09:15:02 Asia/Manila] SEARCH PDO ERROR: SQLSTATE[HY093]: Invalid parameter number | Query: SELECT p.*, s.shop_name, s.rating, u.full_name as seller_name
                FROM products p
                LEFT JOIN sellers s ON p.seller_id = s.seller_id
                LEFT JOIN users u ON s.user_id = u.user_id
                WHERE (p.product_name LIKE :keyword OR p.product_description LIKE :keyword)
                AND p.status = 'available' 
                AND p.quantity > 0
                ORDER BY p.created_at DESC
                LIMIT :limit OFFSET :offset
[29-Apr-2026 09:15:02 Asia/Manila] === COUNT DEBUG START ===
[29-Apr-2026 09:15:02 Asia/Manila] Count keyword: Alang
[29-Apr-2026 09:15:02 Asia/Manila] COUNT PDO ERROR: SQLSTATE[HY093]: Invalid parameter number
[29-Apr-2026 09:15:04 Asia/Manila] === SEARCH DEBUG START ===
[29-Apr-2026 09:15:04 Asia/Manila] Keyword: 'Alang'
[29-Apr-2026 09:15:04 Asia/Manila] Search term: '%Alang%'
[29-Apr-2026 09:15:04 Asia/Manila] SQL: SELECT p.*, s.shop_name, s.rating, u.full_name as seller_name
                FROM products p
                LEFT JOIN sellers s ON p.seller_id = s.seller_id
                LEFT JOIN users u ON s.user_id = u.user_id
                WHERE (p.product_name LIKE :keyword OR p.product_description LIKE :keyword)
                AND p.status = 'available' 
                AND p.quantity > 0
                ORDER BY p.created_at DESC
                LIMIT :limit OFFSET :offset
[29-Apr-2026 09:15:04 Asia/Manila] SEARCH PDO ERROR: SQLSTATE[HY093]: Invalid parameter number | Query: SELECT p.*, s.shop_name, s.rating, u.full_name as seller_name
                FROM products p
                LEFT JOIN sellers s ON p.seller_id = s.seller_id
                LEFT JOIN users u ON s.user_id = u.user_id
                WHERE (p.product_name LIKE :keyword OR p.product_description LIKE :keyword)
                AND p.status = 'available' 
                AND p.quantity > 0
                ORDER BY p.created_at DESC
                LIMIT :limit OFFSET :offset
[29-Apr-2026 09:15:04 Asia/Manila] === COUNT DEBUG START ===
[29-Apr-2026 09:15:04 Asia/Manila] Count keyword: Alang
[29-Apr-2026 09:15:04 Asia/Manila] COUNT PDO ERROR: SQLSTATE[HY093]: Invalid parameter number
[29-Apr-2026 09:15:36 Asia/Manila] === SEARCH DEBUG START ===
[29-Apr-2026 09:15:36 Asia/Manila] Keyword: 'Alang'
[29-Apr-2026 09:15:36 Asia/Manila] Search term: '%Alang%'
[29-Apr-2026 09:15:36 Asia/Manila] SQL: SELECT p.*, s.shop_name, s.rating, u.full_name as seller_name
                FROM products p
                LEFT JOIN sellers s ON p.seller_id = s.seller_id
                LEFT JOIN users u ON s.user_id = u.user_id
                WHERE (p.product_name LIKE :keyword OR p.product_description LIKE :keyword)
                AND p.status = 'available' 
                AND p.quantity > 0
                ORDER BY p.created_at DESC
                LIMIT :limit OFFSET :offset
[29-Apr-2026 09:15:36 Asia/Manila] SEARCH PDO ERROR: SQLSTATE[HY093]: Invalid parameter number | Query: SELECT p.*, s.shop_name, s.rating, u.full_name as seller_name
                FROM products p
                LEFT JOIN sellers s ON p.seller_id = s.seller_id
                LEFT JOIN users u ON s.user_id = u.user_id
                WHERE (p.product_name LIKE :keyword OR p.product_description LIKE :keyword)
                AND p.status = 'available' 
                AND p.quantity > 0
                ORDER BY p.created_at DESC
                LIMIT :limit OFFSET :offset
[29-Apr-2026 09:15:36 Asia/Manila] === COUNT DEBUG START ===
[29-Apr-2026 09:15:36 Asia/Manila] Count keyword: Alang
[29-Apr-2026 09:15:36 Asia/Manila] COUNT PDO ERROR: SQLSTATE[HY093]: Invalid parameter number
[29-Apr-2026 09:16:28 Asia/Manila] === SEARCH DEBUG START ===
[29-Apr-2026 09:16:28 Asia/Manila] Keyword: 'Alang'
[29-Apr-2026 09:16:28 Asia/Manila] Search term: '%Alang%'
[29-Apr-2026 09:16:28 Asia/Manila] SQL: SELECT p.*, s.shop_name, s.rating, u.full_name as seller_name
                FROM products p
                LEFT JOIN sellers s ON p.seller_id = s.seller_id
                LEFT JOIN users u ON s.user_id = u.user_id
                WHERE (p.product_name LIKE :keyword OR p.product_description LIKE :keyword)
                AND p.status = 'available' 
                AND p.quantity > 0
                ORDER BY p.created_at DESC
                LIMIT :limit OFFSET :offset
[29-Apr-2026 09:16:28 Asia/Manila] SEARCH PDO ERROR: SQLSTATE[HY093]: Invalid parameter number | Query: SELECT p.*, s.shop_name, s.rating, u.full_name as seller_name
                FROM products p
                LEFT JOIN sellers s ON p.seller_id = s.seller_id
                LEFT JOIN users u ON s.user_id = u.user_id
                WHERE (p.product_name LIKE :keyword OR p.product_description LIKE :keyword)
                AND p.status = 'available' 
                AND p.quantity > 0
                ORDER BY p.created_at DESC
                LIMIT :limit OFFSET :offset

[29-Apr-2026 09:18:59 Asia/Manila] === SEARCH DEBUG START ===
[29-Apr-2026 09:18:59 Asia/Manila] Keyword: 'Alang'
[29-Apr-2026 09:18:59 Asia/Manila] Search term: '%Alang%'
[29-Apr-2026 09:18:59 Asia/Manila] SQL: SELECT p.*, s.shop_name, s.rating, u.full_name as seller_name
                FROM products p
                LEFT JOIN sellers s ON p.seller_id = s.seller_id
                LEFT JOIN users u ON s.user_id = u.user_id
                WHERE (p.product_name LIKE :name OR p.product_description LIKE :desc)
                AND p.status = 'available' 
                AND p.quantity > 0
                ORDER BY p.created_at DESC
                LIMIT :limit OFFSET :offset
[29-Apr-2026 09:18:59 Asia/Manila] Strict query rowCount: 1, results: 1
[29-Apr-2026 09:18:59 Asia/Manila] First result: Array
(
    [product_id] => 2
    [seller_id] => 1
    [product_name] => Alang (Maripati)
    [product_description] => Pina-alang na sirang maripati Per kilo ang presyo
    [srp] => 120.00
    [quantity] => 49
    [image_path] => assets/uploads/products/product_1_1777356243.jpg
    [status] => available
    [created_at] => 2026-04-28 14:04:03
    [updated_at] => 2026-04-28 14:04:03
    [shop_name] => RMCY
    [rating] => 0.00
    [seller_name] => Rosemarie Yaranon
)

[29-Apr-2026 09:18:59 Asia/Manila] === SEARCH DEBUG END ===
[29-Apr-2026 09:18:59 Asia/Manila] === COUNT DEBUG START ===
[29-Apr-2026 09:18:59 Asia/Manila] Count keyword: Alang
[29-Apr-2026 09:18:59 Asia/Manila] Strict count: 1
[29-Apr-2026 09:18:59 Asia/Manila] Final count: 1
[29-Apr-2026 09:19:05 Asia/Manila] === SEARCH DEBUG START ===
[29-Apr-2026 09:19:05 Asia/Manila] Keyword: 'sa'
[29-Apr-2026 09:19:05 Asia/Manila] Search term: '%sa%'
[29-Apr-2026 09:19:05 Asia/Manila] SQL: SELECT p.*, s.shop_name, s.rating, u.full_name as seller_name
                FROM products p
                LEFT JOIN sellers s ON p.seller_id = s.seller_id
                LEFT JOIN users u ON s.user_id = u.user_id
                WHERE (p.product_name LIKE :name OR p.product_description LIKE :desc)
                AND p.status = 'available' 
                AND p.quantity > 0
                ORDER BY p.created_at DESC
                LIMIT :limit OFFSET :offset
[29-Apr-2026 09:19:05 Asia/Manila] Strict query rowCount: 1, results: 1
[29-Apr-2026 09:19:05 Asia/Manila] First result: Array
(
    [product_id] => 1
    [seller_id] => 1
    [product_name] => Samhod
    [product_description] => Samhod is a traditional soft broom made from tiger grass (locally known as sugbo) and is closely associated with Lagonoy, Camarines Sur, in the Philippines.  The term &amp;quot;samhod&amp;quot; comes from the Bikol Central language and directly refers to a broom, especially one crafted from natural fibers.
    [srp] => 250.00
    [quantity] => 150
    [image_path] => assets/uploads/products/product_1_1777356122.jpg
    [status] => available
    [created_at] => 2026-04-28 14:01:35
    [updated_at] => 2026-04-28 14:02:02
    [shop_name] => RMCY
    [rating] => 0.00
    [seller_name] => Rosemarie Yaranon
)

[29-Apr-2026 09:19:05 Asia/Manila] === SEARCH DEBUG END ===
[29-Apr-2026 09:19:05 Asia/Manila] === COUNT DEBUG START ===
[29-Apr-2026 09:19:05 Asia/Manila] Count keyword: sa
[29-Apr-2026 09:19:05 Asia/Manila] Strict count: 1
[29-Apr-2026 09:19:05 Asia/Manila] Final count: 1
[29-Apr-2026 09:19:09 Asia/Manila] === SEARCH DEBUG START ===
[29-Apr-2026 09:19:09 Asia/Manila] Keyword: 'a'
[29-Apr-2026 09:19:09 Asia/Manila] Search term: '%a%'
[29-Apr-2026 09:19:09 Asia/Manila] SQL: SELECT p.*, s.shop_name, s.rating, u.full_name as seller_name
                FROM products p
                LEFT JOIN sellers s ON p.seller_id = s.seller_id
                LEFT JOIN users u ON s.user_id = u.user_id
                WHERE (p.product_name LIKE :name OR p.product_description LIKE :desc)
                AND p.status = 'available' 
                AND p.quantity > 0
                ORDER BY p.created_at DESC
                LIMIT :limit OFFSET :offset
[29-Apr-2026 09:19:09 Asia/Manila] Strict query rowCount: 2, results: 2
[29-Apr-2026 09:19:09 Asia/Manila] First result: Array
(
    [product_id] => 2
    [seller_id] => 1
    [product_name] => Alang (Maripati)
    [product_description] => Pina-alang na sirang maripati Per kilo ang presyo
    [srp] => 120.00
    [quantity] => 49
    [image_path] => assets/uploads/products/product_1_1777356243.jpg
    [status] => available
    [created_at] => 2026-04-28 14:04:03
    [updated_at] => 2026-04-28 14:04:03
    [shop_name] => RMCY
    [rating] => 0.00
    [seller_name] => Rosemarie Yaranon
)

[29-Apr-2026 09:19:09 Asia/Manila] === SEARCH DEBUG END ===
[29-Apr-2026 09:19:09 Asia/Manila] === COUNT DEBUG START ===
[29-Apr-2026 09:19:09 Asia/Manila] Count keyword: a
[29-Apr-2026 09:19:09 Asia/Manila] Strict count: 2
[29-Apr-2026 09:19:09 Asia/Manila] Final count: 2
[29-Apr-2026 09:19:16 Asia/Manila] === SEARCH DEBUG START ===
[29-Apr-2026 09:19:16 Asia/Manila] Keyword: 'laam'
[29-Apr-2026 09:19:16 Asia/Manila] Search term: '%laam%'
[29-Apr-2026 09:19:16 Asia/Manila] SQL: SELECT p.*, s.shop_name, s.rating, u.full_name as seller_name
                FROM products p
                LEFT JOIN sellers s ON p.seller_id = s.seller_id
                LEFT JOIN users u ON s.user_id = u.user_id
                WHERE (p.product_name LIKE :name OR p.product_description LIKE :desc)
                AND p.status = 'available' 
                AND p.quantity > 0
                ORDER BY p.created_at DESC
                LIMIT :limit OFFSET :offset
[29-Apr-2026 09:19:16 Asia/Manila] Strict query rowCount: 0, results: 0
[29-Apr-2026 09:19:16 Asia/Manila] First result: NONE
[29-Apr-2026 09:19:16 Asia/Manila] No strict results, trying broader...
[29-Apr-2026 09:19:16 Asia/Manila] Broad query rowCount: 0, results: 0
[29-Apr-2026 09:19:16 Asia/Manila] === SEARCH DEBUG END ===
[29-Apr-2026 09:19:16 Asia/Manila] === COUNT DEBUG START ===
[29-Apr-2026 09:19:16 Asia/Manila] Count keyword: laam
[29-Apr-2026 09:19:16 Asia/Manila] Strict count: 0
[29-Apr-2026 09:19:16 Asia/Manila] No strict count, trying broad...
[29-Apr-2026 09:19:16 Asia/Manila] Broad count: 0
[29-Apr-2026 09:19:16 Asia/Manila] Final count: 0
[29-Apr-2026 09:19:17 Asia/Manila] === COUNT DEBUG START ===
[29-Apr-2026 09:19:17 Asia/Manila] Count keyword: NULL
[29-Apr-2026 09:19:17 Asia/Manila] No keyword count: 2
[29-Apr-2026 09:22:04 Asia/Manila] [2026-04-29 09:22:04] Exception: syntax error, unexpected token "public"
File: C:\xampp\htdocs\ParProOMH\classes\Market.php:56
Trace: #0 C:\xampp\htdocs\ParProOMH\public\buyer\dashboard.php(2): require_once()
#1 {main}

[29-Apr-2026 09:22:10 Asia/Manila] [2026-04-29 09:22:10] Exception: syntax error, unexpected token "public"
File: C:\xampp\htdocs\ParProOMH\classes\Market.php:56
Trace: #0 C:\xampp\htdocs\ParProOMH\public\buyer\dashboard.php(2): require_once()
#1 {main}

[29-Apr-2026 09:22:13 Asia/Manila] [2026-04-29 09:22:13] Exception: syntax error, unexpected token "public"
File: C:\xampp\htdocs\ParProOMH\classes\Market.php:56
Trace: #0 C:\xampp\htdocs\ParProOMH\public\buyer\dashboard.php(2): require_once()
#1 {main}

[29-Apr-2026 09:22:14 Asia/Manila] [2026-04-29 09:22:14] Exception: syntax error, unexpected token "public"
File: C:\xampp\htdocs\ParProOMH\classes\Market.php:56
Trace: #0 C:\xampp\htdocs\ParProOMH\public\buyer\market.php(2): require_once()
#1 {main}

[29-Apr-2026 09:22:16 Asia/Manila] [2026-04-29 09:22:16] Exception: syntax error, unexpected token "public"
File: C:\xampp\htdocs\ParProOMH\classes\Market.php:56
Trace: #0 C:\xampp\htdocs\ParProOMH\public\buyer\market.php(2): require_once()
#1 {main}

[29-Apr-2026 09:22:16 Asia/Manila] [2026-04-29 09:22:16] Exception: syntax error, unexpected token "public"
File: C:\xampp\htdocs\ParProOMH\classes\Market.php:56
Trace: #0 C:\xampp\htdocs\ParProOMH\public\buyer\market.php(2): require_once()
#1 {main}

[29-Apr-2026 09:22:16 Asia/Manila] [2026-04-29 09:22:16] Exception: syntax error, unexpected token "public"
File: C:\xampp\htdocs\ParProOMH\classes\Market.php:56
Trace: #0 C:\xampp\htdocs\ParProOMH\public\buyer\market.php(2): require_once()
#1 {main}

[29-Apr-2026 09:22:16 Asia/Manila] [2026-04-29 09:22:16] Exception: syntax error, unexpected token "public"
File: C:\xampp\htdocs\ParProOMH\classes\Market.php:56
Trace: #0 C:\xampp\htdocs\ParProOMH\public\buyer\market.php(2): require_once()
#1 {main}

[29-Apr-2026 09:22:21 Asia/Manila] [2026-04-29 09:22:21] Exception: syntax error, unexpected token "public"
File: C:\xampp\htdocs\ParProOMH\classes\Market.php:56
Trace: #0 C:\xampp\htdocs\ParProOMH\public\buyer\dashboard.php(2): require_once()
#1 {main}

[29-Apr-2026 09:22:23 Asia/Manila] [2026-04-29 09:22:23] Exception: syntax error, unexpected token "public"
File: C:\xampp\htdocs\ParProOMH\classes\Market.php:56
Trace: #0 C:\xampp\htdocs\ParProOMH\public\buyer\dashboard.php(2): require_once()
#1 {main}

[29-Apr-2026 09:22:29 Asia/Manila] [2026-04-29 09:22:29] Exception: syntax error, unexpected token "public"
File: C:\xampp\htdocs\ParProOMH\classes\Market.php:56
Trace: #0 C:\xampp\htdocs\ParProOMH\public\index.php(2): require_once()
#1 {main}

[29-Apr-2026 09:22:40 Asia/Manila] [2026-04-29 09:22:40] Exception: syntax error, unexpected token "public"
File: C:\xampp\htdocs\ParProOMH\classes\Market.php:56
Trace: #0 C:\xampp\htdocs\ParProOMH\public\index.php(2): require_once()
#1 {main}

[29-Apr-2026 09:22:40 Asia/Manila] [2026-04-29 09:22:40] Exception: syntax error, unexpected token "public"
File: C:\xampp\htdocs\ParProOMH\classes\Market.php:56
Trace: #0 C:\xampp\htdocs\ParProOMH\public\index.php(2): require_once()
#1 {main}

[29-Apr-2026 09:22:41 Asia/Manila] [2026-04-29 09:22:41] Exception: syntax error, unexpected token "public"
File: C:\xampp\htdocs\ParProOMH\classes\Market.php:56
Trace: #0 C:\xampp\htdocs\ParProOMH\public\index.php(2): require_once()
#1 {main}

[29-Apr-2026 09:22:41 Asia/Manila] [2026-04-29 09:22:41] Exception: syntax error, unexpected token "public"
File: C:\xampp\htdocs\ParProOMH\classes\Market.php:56
Trace: #0 C:\xampp\htdocs\ParProOMH\public\index.php(2): require_once()
#1 {main}

[29-Apr-2026 09:22:42 Asia/Manila] [2026-04-29 09:22:42] Exception: syntax error, unexpected token "public"
File: C:\xampp\htdocs\ParProOMH\classes\Market.php:56
Trace: #0 C:\xampp\htdocs\ParProOMH\public\index.php(2): require_once()
#1 {main}

[29-Apr-2026 09:22:55 Asia/Manila] [2026-04-29 09:22:55] Exception: syntax error, unexpected token "public"
File: C:\xampp\htdocs\ParProOMH\classes\Market.php:56
Trace: #0 C:\xampp\htdocs\ParProOMH\public\index.php(2): require_once()
#1 {main}

[29-Apr-2026 09:23:58 Asia/Manila] [2026-04-29 09:23:58] Exception: syntax error, unexpected token "public"
File: C:\xampp\htdocs\ParProOMH\classes\Market.php:56
Trace: #0 C:\xampp\htdocs\ParProOMH\public\index.php(2): require_once()
#1 {main}

[29-Apr-2026 09:23:59 Asia/Manila] [2026-04-29 09:23:59] Exception: syntax error, unexpected token "public"
File: C:\xampp\htdocs\ParProOMH\classes\Market.php:56
Trace: #0 C:\xampp\htdocs\ParProOMH\public\index.php(2): require_once()
#1 {main}

[29-Apr-2026 09:25:24 Asia/Manila] [2026-04-29 09:25:24] Exception: syntax error, unexpected token "public"
File: C:\xampp\htdocs\ParProOMH\classes\Market.php:56
Trace: #0 C:\xampp\htdocs\ParProOMH\public\index.php(2): require_once()
#1 {main}

[29-Apr-2026 09:25:25 Asia/Manila] [2026-04-29 09:25:25] Exception: syntax error, unexpected token "public"
File: C:\xampp\htdocs\ParProOMH\classes\Market.php:56
Trace: #0 C:\xampp\htdocs\ParProOMH\public\index.php(2): require_once()
#1 {main}

[29-Apr-2026 09:36:13 Asia/Manila] Messenger::getConversations error: SQLSTATE[HY093]: Invalid parameter number
[29-Apr-2026 15:34:48 Asia/Manila] [2026-04-29 15:34:48] PHP Error [2]: session_destroy(): Trying to destroy uninitialized session in C:\xampp\htdocs\ParProOMH\includes\init.php:48

[29-Apr-2026 15:34:48 Asia/Manila] PHP Warning:  session_destroy(): Trying to destroy uninitialized session in C:\xampp\htdocs\ParProOMH\includes\init.php on line 48
[29-Apr-2026 15:34:55 Asia/Manila] [2026-04-29 15:34:55] login_success - User: 2, IP: ::1, Description: User logged in successfully
[29-Apr-2026 15:37:26 Asia/Manila] Messenger::getConversations error: SQLSTATE[HY093]: Invalid parameter number
[29-Apr-2026 15:54:49 Asia/Manila] [2026-04-29 15:54:49] Exception: syntax error, unexpected identifier "BY"
File: C:\xampp\htdocs\ParProOMH\classes\Market.php:228
Trace: #0 C:\xampp\htdocs\ParProOMH\public\buyer\market.php(2): require_once()
#1 {main}

[29-Apr-2026 15:55:02 Asia/Manila] [2026-04-29 15:55:02] PHP Error [2]: session_destroy(): Trying to destroy uninitialized session in C:\xampp\htdocs\ParProOMH\includes\init.php:48

[29-Apr-2026 15:55:02 Asia/Manila] PHP Warning:  session_destroy(): Trying to destroy uninitialized session in C:\xampp\htdocs\ParProOMH\includes\init.php on line 48
[29-Apr-2026 15:55:56 Asia/Manila] [2026-04-29 15:55:56] login_failed - User: , IP: dovelasco.pbox@parsu.edu.ph, Description: Login attempt failed - Invalid credentials.
[29-Apr-2026 15:56:13 Asia/Manila] [2026-04-29 15:56:13] login_success - User: 2, IP: ::1, Description: User logged in successfully
[29-Apr-2026 15:56:44 Asia/Manila] getProductById error: SQLSTATE[42S22]: Column not found: 1054 Unknown column 's.total_completed_deals' in 'field list'
[29-Apr-2026 15:57:06 Asia/Manila] getProductById error: SQLSTATE[42S22]: Column not found: 1054 Unknown column 's.total_completed_deals' in 'field list'
[29-Apr-2026 15:57:16 Asia/Manila] getProductById error: SQLSTATE[42S22]: Column not found: 1054 Unknown column 's.total_completed_deals' in 'field list'
[29-Apr-2026 15:58:21 Asia/Manila] [2026-04-29 15:58:21] PHP Error [2]: Undefined array key "seller_name" in C:\xampp\htdocs\ParProOMH\public\buyer\product.php:168

[29-Apr-2026 15:58:21 Asia/Manila] PHP Warning:  Undefined array key "seller_name" in C:\xampp\htdocs\ParProOMH\public\buyer\product.php on line 168
[29-Apr-2026 15:58:21 Asia/Manila] [2026-04-29 15:58:21] PHP Error [8192]: htmlspecialchars(): Passing null to parameter #1 ($string) of type string is deprecated in C:\xampp\htdocs\ParProOMH\public\buyer\product.php:168

[29-Apr-2026 15:58:21 Asia/Manila] PHP Deprecated:  htmlspecialchars(): Passing null to parameter #1 ($string) of type string is deprecated in C:\xampp\htdocs\ParProOMH\public\buyer\product.php on line 168
[29-Apr-2026 15:58:36 Asia/Manila] [2026-04-29 15:58:36] PHP Error [2]: Undefined array key "seller_name" in C:\xampp\htdocs\ParProOMH\public\buyer\product.php:168

[29-Apr-2026 15:58:36 Asia/Manila] PHP Warning:  Undefined array key "seller_name" in C:\xampp\htdocs\ParProOMH\public\buyer\product.php on line 168
[29-Apr-2026 15:58:36 Asia/Manila] [2026-04-29 15:58:36] PHP Error [8192]: htmlspecialchars(): Passing null to parameter #1 ($string) of type string is deprecated in C:\xampp\htdocs\ParProOMH\public\buyer\product.php:168

[29-Apr-2026 15:58:36 Asia/Manila] PHP Deprecated:  htmlspecialchars(): Passing null to parameter #1 ($string) of type string is deprecated in C:\xampp\htdocs\ParProOMH\public\buyer\product.php on line 168
[29-Apr-2026 15:59:13 Asia/Manila] [2026-04-29 15:59:13] PHP Error [2]: Undefined array key "seller_name" in C:\xampp\htdocs\ParProOMH\public\buyer\product.php:168

[29-Apr-2026 15:59:13 Asia/Manila] PHP Warning:  Undefined array key "seller_name" in C:\xampp\htdocs\ParProOMH\public\buyer\product.php on line 168
[29-Apr-2026 15:59:13 Asia/Manila] [2026-04-29 15:59:13] PHP Error [8192]: htmlspecialchars(): Passing null to parameter #1 ($string) of type string is deprecated in C:\xampp\htdocs\ParProOMH\public\buyer\product.php:168

[29-Apr-2026 15:59:13 Asia/Manila] PHP Deprecated:  htmlspecialchars(): Passing null to parameter #1 ($string) of type string is deprecated in C:\xampp\htdocs\ParProOMH\public\buyer\product.php on line 168
[29-Apr-2026 15:59:15 Asia/Manila] [2026-04-29 15:59:15] PHP Error [2]: Array to string conversion in C:\xampp\htdocs\ParProOMH\public\buyer\initiate_deal.php:83

[29-Apr-2026 15:59:15 Asia/Manila] PHP Warning:  Array to string conversion in C:\xampp\htdocs\ParProOMH\public\buyer\initiate_deal.php on line 83
[29-Apr-2026 15:59:28 Asia/Manila] Messenger::getConversations error: SQLSTATE[HY093]: Invalid parameter number
[29-Apr-2026 15:59:28 Asia/Manila] [2026-04-29 15:59:28] Exception: htmlspecialchars(): Argument #1 ($string) must be of type string, array given
File: C:\xampp\htdocs\ParProOMH\public\messenger\index.php:70
Trace: #0 C:\xampp\htdocs\ParProOMH\public\messenger\index.php(70): htmlspecialchars(Array)
#1 {main}

[29-Apr-2026 16:00:31 Asia/Manila] Messenger::getConversations error: SQLSTATE[HY093]: Invalid parameter number
[29-Apr-2026 16:00:38 Asia/Manila] [2026-04-29 16:00:38] PHP Error [2]: Undefined array key "seller_name" in C:\xampp\htdocs\ParProOMH\public\buyer\product.php:168

[29-Apr-2026 16:00:38 Asia/Manila] PHP Warning:  Undefined array key "seller_name" in C:\xampp\htdocs\ParProOMH\public\buyer\product.php on line 168
[29-Apr-2026 16:00:38 Asia/Manila] [2026-04-29 16:00:38] PHP Error [8192]: htmlspecialchars(): Passing null to parameter #1 ($string) of type string is deprecated in C:\xampp\htdocs\ParProOMH\public\buyer\product.php:168

[29-Apr-2026 16:00:38 Asia/Manila] PHP Deprecated:  htmlspecialchars(): Passing null to parameter #1 ($string) of type string is deprecated in C:\xampp\htdocs\ParProOMH\public\buyer\product.php on line 168
[29-Apr-2026 16:01:02 Asia/Manila] Messenger::getConversations error: SQLSTATE[HY093]: Invalid parameter number
[29-Apr-2026 16:01:57 Asia/Manila] [2026-04-29 16:01:57] login_success - User: 3, IP: ::1, Description: User logged in successfully
[29-Apr-2026 16:03:51 Asia/Manila] [2026-04-29 16:03:51] PHP Error [2]: Undefined array key "user_role" in C:\xampp\htdocs\ParProOMH\public\seller\confirm_deal.php:10

[29-Apr-2026 16:03:51 Asia/Manila] PHP Warning:  Undefined array key "user_role" in C:\xampp\htdocs\ParProOMH\public\seller\confirm_deal.php on line 10
[29-Apr-2026 16:04:07 Asia/Manila] [2026-04-29 16:04:07] PHP Error [2]: Undefined array key "user_role" in C:\xampp\htdocs\ParProOMH\public\seller\confirm_deal.php:10

[29-Apr-2026 16:04:07 Asia/Manila] PHP Warning:  Undefined array key "user_role" in C:\xampp\htdocs\ParProOMH\public\seller\confirm_deal.php on line 10
[29-Apr-2026 16:05:35 Asia/Manila] Messenger::getConversations error: SQLSTATE[HY093]: Invalid parameter number
[29-Apr-2026 16:11:37 Asia/Manila] [2026-04-29 16:11:37] PHP Error [2]: Array to string conversion in C:\xampp\htdocs\ParProOMH\public\buyer\initiate_deal.php:87

[29-Apr-2026 16:11:37 Asia/Manila] PHP Warning:  Array to string conversion in C:\xampp\htdocs\ParProOMH\public\buyer\initiate_deal.php on line 87
[29-Apr-2026 16:11:57 Asia/Manila] Messenger::getConversations error: SQLSTATE[HY093]: Invalid parameter number
[29-Apr-2026 16:16:26 Asia/Manila] Messenger::getConversations error: SQLSTATE[HY093]: Invalid parameter number: mixed named and positional parameters
[29-Apr-2026 16:16:42 Asia/Manila] Messenger::getConversations error: SQLSTATE[HY093]: Invalid parameter number: mixed named and positional parameters
[30-Apr-2026 11:11:16 Asia/Manila] [2026-04-30 11:11:16] login_success - User: 3, IP: ::1, Description: User logged in successfully
[30-Apr-2026 11:13:40 Asia/Manila] Messenger::getConversations error: SQLSTATE[HY093]: Invalid parameter number: mixed named and positional parameters
[30-Apr-2026 11:13:43 Asia/Manila] Messenger::getConversations error: SQLSTATE[HY093]: Invalid parameter number: mixed named and positional parameters
[30-Apr-2026 11:36:27 Asia/Manila] [2026-04-30 11:36:27] login_success - User: 2, IP: ::1, Description: User logged in successfully
[30-Apr-2026 11:36:30 Asia/Manila] Messenger::getConversations error: SQLSTATE[HY093]: Invalid parameter number
[30-Apr-2026 11:38:37 Asia/Manila] [2026-04-30 11:38:37] login_success - User: 2, IP: ::1, Description: User logged in successfully
[30-Apr-2026 11:38:44 Asia/Manila] Messenger::getConversations error: SQLSTATE[HY093]: Invalid parameter number
[30-Apr-2026 11:39:06 Asia/Manila] Messenger::getConversations error: SQLSTATE[HY093]: Invalid parameter number
[30-Apr-2026 11:39:37 Asia/Manila] Messenger::getConversations error: SQLSTATE[HY093]: Invalid parameter number
[30-Apr-2026 11:41:40 Asia/Manila] Messenger::getConversations error: SQLSTATE[HY093]: Invalid parameter number
[30-Apr-2026 11:47:45 Asia/Manila] [2026-04-30 11:47:45] user_logout - User: 3, IP: ::1, Description: User logged out successfully
[30-Apr-2026 11:47:45 Asia/Manila] [2026-04-30 11:47:45] PHP Error [8]: session_start(): Ignoring session_start() because a session is already active in C:\xampp\htdocs\ParProOMH\classes\Auth.php:213

[30-Apr-2026 11:47:45 Asia/Manila] PHP Notice:  session_start(): Ignoring session_start() because a session is already active in C:\xampp\htdocs\ParProOMH\classes\Auth.php on line 213
[30-Apr-2026 11:49:51 Asia/Manila] Messenger::getConversations error: SQLSTATE[HY093]: Invalid parameter number
[30-Apr-2026 12:04:56 Asia/Manila] [2026-04-30 12:04:56] login_failed - User: , IP: dovelasco.pbox@parsu.edu.ph, Description: Login attempt failed - Invalid credentials.
[30-Apr-2026 12:05:05 Asia/Manila] [2026-04-30 12:05:05] login_success - User: 2, IP: ::1, Description: User logged in successfully
[30-Apr-2026 12:05:36 Asia/Manila] [2026-04-30 12:05:36] user_logout - User: 2, IP: ::1, Description: User logged out successfully
[30-Apr-2026 12:05:36 Asia/Manila] [2026-04-30 12:05:36] PHP Error [8]: session_start(): Ignoring session_start() because a session is already active in C:\xampp\htdocs\ParProOMH\classes\Auth.php:213

[30-Apr-2026 12:05:36 Asia/Manila] PHP Notice:  session_start(): Ignoring session_start() because a session is already active in C:\xampp\htdocs\ParProOMH\classes\Auth.php on line 213
[30-Apr-2026 12:05:39 Asia/Manila] Messenger::getConversations error: SQLSTATE[HY093]: Invalid parameter number
[30-Apr-2026 12:05:55 Asia/Manila] [2026-04-30 12:05:55] login_success - User: 3, IP: ::1, Description: User logged in successfully
[30-Apr-2026 12:05:57 Asia/Manila] Messenger::getConversations error: SQLSTATE[HY093]: Invalid parameter number
[30-Apr-2026 12:06:53 Asia/Manila] Messenger::getConversations error: SQLSTATE[HY093]: Invalid parameter number
[30-Apr-2026 12:07:01 Asia/Manila] Messenger::getConversations error: SQLSTATE[HY093]: Invalid parameter number
[30-Apr-2026 12:07:12 Asia/Manila] Messenger::getConversations error: SQLSTATE[HY093]: Invalid parameter number
[30-Apr-2026 13:12:44 Asia/Manila] [2026-04-30 13:12:44] PHP Error [2]: session_destroy(): Trying to destroy uninitialized session in C:\xampp\htdocs\ParProOMH\includes\init.php:48

[30-Apr-2026 13:12:44 Asia/Manila] PHP Warning:  session_destroy(): Trying to destroy uninitialized session in C:\xampp\htdocs\ParProOMH\includes\init.php on line 48
[30-Apr-2026 13:12:55 Asia/Manila] [2026-04-30 13:12:55] login_success - User: 3, IP: ::1, Description: User logged in successfully
[30-Apr-2026 13:13:49 Asia/Manila] [2026-04-30 13:13:49] PHP Error [2]: session_destroy(): Trying to destroy uninitialized session in C:\xampp\htdocs\ParProOMH\includes\init.php:48

[30-Apr-2026 13:13:49 Asia/Manila] PHP Warning:  session_destroy(): Trying to destroy uninitialized session in C:\xampp\htdocs\ParProOMH\includes\init.php on line 48
[30-Apr-2026 13:13:59 Asia/Manila] [2026-04-30 13:13:59] login_success - User: 2, IP: ::1, Description: User logged in successfully
[30-Apr-2026 13:19:12 Asia/Manila] [2026-04-30 13:19:12] user_logout - User: 3, IP: ::1, Description: User logged out successfully
[30-Apr-2026 13:19:12 Asia/Manila] [2026-04-30 13:19:12] PHP Error [8]: session_start(): Ignoring session_start() because a session is already active in C:\xampp\htdocs\ParProOMH\classes\Auth.php:213

[30-Apr-2026 13:19:12 Asia/Manila] PHP Notice:  session_start(): Ignoring session_start() because a session is already active in C:\xampp\htdocs\ParProOMH\classes\Auth.php on line 213
[30-Apr-2026 13:23:46 Asia/Manila] [2026-04-30 13:23:46] Exception: Class "Email" not found
File: C:\xampp\htdocs\ParProOMH\classes\Auth.php:358
Trace: #0 C:\xampp\htdocs\ParProOMH\public\register.php(55): Auth->sendVerificationEmail('4', 'sample.ex@test....', 'Sample Account')
#1 {main}

[30-Apr-2026 13:27:00 Asia/Manila] [2026-04-30 13:27:00] registration_failed - User: , IP: ::1, Description: Registration failed - Email already registered.
[30-Apr-2026 13:27:17 Asia/Manila] [2026-04-30 13:27:17] registration_failed - User: , IP: ::1, Description: Registration failed - Email already registered.
[30-Apr-2026 13:29:09 Asia/Manila] [2026-04-30 13:29:09] user_registered - User: 5, IP: ::1, Description: New user registered - Role: buyer
[30-Apr-2026 16:35:21 Asia/Manila] [2026-04-30 16:35:21] PHP Error [2]: session_destroy(): Trying to destroy uninitialized session in C:\xampp\htdocs\ParProOMH\includes\init.php:49

[30-Apr-2026 16:35:21 Asia/Manila] PHP Warning:  session_destroy(): Trying to destroy uninitialized session in C:\xampp\htdocs\ParProOMH\includes\init.php on line 49
[30-Apr-2026 16:55:19 Asia/Manila] [2026-04-30 16:55:19] login_success - User: 2, IP: ::1, Description: User logged in successfully
[30-Apr-2026 16:55:24 Asia/Manila] Messenger::getConversations error: SQLSTATE[HY093]: Invalid parameter number
[30-Apr-2026 16:55:31 Asia/Manila] Messenger::getConversations error: SQLSTATE[HY093]: Invalid parameter number
[30-Apr-2026 16:55:44 Asia/Manila] Messenger::getConversations error: SQLSTATE[HY093]: Invalid parameter number
